********************************************************************************
DUPLICATOR-LITE PACKAGE-LOG: July 30, 2021 8:15 pm
NOTICE: Do NOT post to public sites or forums 
********************************************************************************
VERSION:	1.4.2
WORDPRESS:	5.7.2
PHP INFO:	8.0.3 | SAPI: apache2handler
SERVER:		Apache/2.4.46 (Win64) OpenSSL/1.1.1j PHP/8.0.3 
PHP TIME LIMIT: (0) no time limit imposed 
PHP MAX MEMORY: 4294967296 (512M default) 
MEMORY STACK: 6MB

********************************************************************************
DATABASE:
********************************************************************************
BUILD MODE:   MYSQLDUMP
MYSQLTIMEOUT: 5000
MYSQLDUMP:    Is Supported
SQL CREATED: 20210730_armansblog_github_b10df6d43f4151f82815_20210730201540_database.sql
SQL FILE SIZE: 2.59MB (2714917)
SQL FILE TIME: 2021-07-30 20:15:51
SQL RUNTIME: 1.08 sec.

********************************************************************************
ARCHIVE (ZIP):
********************************************************************************
ARCHIVE DIR:  C:/xampp/htdocs/blog
ARCHIVE FILE: 20210730_armansblog_github_b10df6d43f4151f82815_20210730201540_archive.zip
FILTERS: *OFF*
DIRS:
	not set
FILES:
	not set
EXTS:  not set
----------------------------------------
COMPRESSING
SIZE:	130.76MB
STATS:	Dirs 1,111 | Files 9,491
SQL ADDED: 20210730_armansblog_github_b10df6d43f4151f82815_20210730201540_database.sql
ZipArchive Object
(
    [lastId] => 10601
    [status] => 0
    [statusSys] => 0
    [numFiles] => 10602
    [filename] => C:\xampp\htdocs\blog\wp-content\backups-dup-lite\tmp\20210730_armansblog_github_b10df6d43f4151f82815_20210730201540_archive.zip
    [comment] => 
)

FILE ADDED TO ZIP: 10601
COMPRESSION RESULT: '1'
COMPRESSED SIZE: 61.58MB
ARCHIVE RUNTIME: 42.07 sec.
MEMORY STACK: 8MB
building installer
add_extra_files1
add_extra_files2
add_extra_files3
add_extra_files4
Doing archive file check
add_extra_files5
add_extra_files6
add_extra_files8
Successfully opened zip C:/xampp/htdocs/blog/wp-content/backups-dup-lite/tmp/20210730_armansblog_github_b10df6d43f4151f82815_20210730201540_archive.zip
Adding enhanced installer files to archive using ZipArchive
Installer files added to archive
Added to archive
After ziparchive close when adding installer

********************************************************************************
INTEGRITY CHECKS:
********************************************************************************
SQL FILE: 2.59MB
INSTALLER FILE: 64.27KB
ARCHIVE FILE: 63.08MB 
EXPECTED FILE/DIRECTORY COUNT: 10,602
ACTUAL FILE/DIRECTORY COUNT: 10,601
ARCHIVE CONSISTENCY TEST: Pass

********************************************************************************
RECORD ID:[1]
TOTAL PROCESS RUNTIME: 44.17 sec.
PEAK PHP MEMORY USED: 10MB
DONE PROCESSING => 20210730_armansblog_github July 30, 2021 8:16 pm

